[10-Dec-2017 23:00:28 UTC] array (
  'identity_number' => '9011281814',
  'zip_code' => '67131',
  'challenge_token' => 
  array (
    'challenge_token' => 'c38e24aea9600da621138b41b9b9aa01',
    'status' => 0,
  ),
)
[10-Dec-2017 23:00:28 UTC] array (
  'status' => 'Invalid arguments. See the Payer Documentation for more information.',
  'identity_number' => '',
  'organisation' => '',
  'first_name' => '',
  'last_name' => '',
  'address_1' => '',
  'address_2' => '',
  'zip_code' => '',
  'city' => '',
  'country' => '',
)
